<?xml version="1.0" encoding="UTF-8"?>
<testsuite name="com.denny.shopmarket.mainPage.mapper.MainPageMapperTest" tests="1" skipped="0" failures="0" errors="0" timestamp="2022-02-14T13:49:07" hostname="LAPTOP-5KUSBT32" time="0.118">
  <properties/>
  <testcase name="selectListTest()" classname="com.denny.shopmarket.mainPage.mapper.MainPageMapperTest" time="0.118"/>
  <system-out><![CDATA[2022-02-14 22:49:05,638 Test worker DEBUG Apache Log4j Core 2.17.1 initializing configuration XmlConfiguration[location=C:\Users\bumre\GitHub\ShoppingMall\shopMarket\build\resources\main\log4j2.xml]
2022-02-14 22:49:05,645 Test worker DEBUG Installed 1 script engine
2022-02-14 22:49:05,873 Test worker DEBUG Oracle Nashorn version: 11.0.12, language: ECMAScript, threading: Not Thread Safe, compile: true, names: [nashorn, Nashorn, js, JS, JavaScript, javascript, ECMAScript, ecmascript], factory class: jdk.nashorn.api.scripting.NashornScriptEngineFactory
2022-02-14 22:49:05,874 Test worker DEBUG PluginManager 'Core' found 127 plugins
2022-02-14 22:49:05,875 Test worker DEBUG PluginManager 'Level' found 0 plugins
2022-02-14 22:49:05,880 Test worker DEBUG PluginManager 'Lookup' found 16 plugins
2022-02-14 22:49:05,902 Test worker DEBUG Building Plugin[name=layout, class=org.apache.logging.log4j.core.layout.PatternLayout].
2022-02-14 22:49:05,911 Test worker DEBUG PluginManager 'TypeConverter' found 26 plugins
2022-02-14 22:49:05,922 Test worker DEBUG PatternLayout$Builder(pattern="%d{yyyy-MM-dd hh:mm:ss} %5p [%c] %m%n", PatternSelector=null, Configuration(C:\Users\bumre\GitHub\ShoppingMall\shopMarket\build\resources\main\log4j2.xml), Replace=null, charset="UTF-8", alwaysWriteExceptions="null", disableAnsi="null", noConsoleNoAnsi="null", header="null", footer="null")
2022-02-14 22:49:05,923 Test worker DEBUG PluginManager 'Converter' found 45 plugins
2022-02-14 22:49:05,940 Test worker DEBUG Building Plugin[name=appender, class=org.apache.logging.log4j.core.appender.ConsoleAppender].
2022-02-14 22:49:05,950 Test worker DEBUG ConsoleAppender$Builder(target="SYSTEM_OUT", follow="null", direct="null", bufferedIo="null", bufferSize="null", immediateFlush="null", ignoreExceptions="null", PatternLayout(%d{yyyy-MM-dd hh:mm:ss} %5p [%c] %m%n), name="console", Configuration(C:\Users\bumre\GitHub\ShoppingMall\shopMarket\build\resources\main\log4j2.xml), Filter=null, ={})
2022-02-14 22:49:05,953 Test worker DEBUG Starting OutputStreamManager SYSTEM_OUT.false.false
2022-02-14 22:49:05,953 Test worker DEBUG Building Plugin[name=appenders, class=org.apache.logging.log4j.core.config.AppendersPlugin].
2022-02-14 22:49:05,955 Test worker DEBUG createAppenders(={console})
2022-02-14 22:49:05,956 Test worker DEBUG Building Plugin[name=appender-ref, class=org.apache.logging.log4j.core.config.AppenderRef].
2022-02-14 22:49:05,960 Test worker DEBUG createAppenderRef(ref="console", level="null", Filter=null)
2022-02-14 22:49:05,961 Test worker DEBUG Building Plugin[name=logger, class=org.apache.logging.log4j.core.config.LoggerConfig].
2022-02-14 22:49:05,963 Test worker DEBUG createLogger(additivity="false", level="INFO", name="jdbc.sqltiming", includeLocation="null", ={console}, ={}, Configuration(C:\Users\bumre\GitHub\ShoppingMall\shopMarket\build\resources\main\log4j2.xml), Filter=null)
2022-02-14 22:49:05,966 Test worker DEBUG Building Plugin[name=appender-ref, class=org.apache.logging.log4j.core.config.AppenderRef].
2022-02-14 22:49:05,968 Test worker DEBUG createAppenderRef(ref="console", level="null", Filter=null)
2022-02-14 22:49:05,969 Test worker DEBUG Building Plugin[name=logger, class=org.apache.logging.log4j.core.config.LoggerConfig].
2022-02-14 22:49:05,970 Test worker DEBUG createLogger(additivity="false", level="INFO", name="java.sql.Connection", includeLocation="null", ={console}, ={}, Configuration(C:\Users\bumre\GitHub\ShoppingMall\shopMarket\build\resources\main\log4j2.xml), Filter=null)
2022-02-14 22:49:05,971 Test worker DEBUG Building Plugin[name=appender-ref, class=org.apache.logging.log4j.core.config.AppenderRef].
2022-02-14 22:49:05,972 Test worker DEBUG createAppenderRef(ref="console", level="null", Filter=null)
2022-02-14 22:49:05,973 Test worker DEBUG Building Plugin[name=logger, class=org.apache.logging.log4j.core.config.LoggerConfig].
2022-02-14 22:49:05,975 Test worker DEBUG createLogger(additivity="false", level="INFO", name="java.sql.Statement", includeLocation="null", ={console}, ={}, Configuration(C:\Users\bumre\GitHub\ShoppingMall\shopMarket\build\resources\main\log4j2.xml), Filter=null)
2022-02-14 22:49:05,976 Test worker DEBUG Building Plugin[name=appender-ref, class=org.apache.logging.log4j.core.config.AppenderRef].
2022-02-14 22:49:05,977 Test worker DEBUG createAppenderRef(ref="console", level="null", Filter=null)
2022-02-14 22:49:05,977 Test worker DEBUG Building Plugin[name=logger, class=org.apache.logging.log4j.core.config.LoggerConfig].
2022-02-14 22:49:05,978 Test worker DEBUG createLogger(additivity="false", level="INFO", name="java.sql.PreparedStatement", includeLocation="null", ={console}, ={}, Configuration(C:\Users\bumre\GitHub\ShoppingMall\shopMarket\build\resources\main\log4j2.xml), Filter=null)
2022-02-14 22:49:05,979 Test worker DEBUG Building Plugin[name=appender-ref, class=org.apache.logging.log4j.core.config.AppenderRef].
2022-02-14 22:49:05,979 Test worker DEBUG createAppenderRef(ref="console", level="null", Filter=null)
2022-02-14 22:49:05,979 Test worker DEBUG Building Plugin[name=logger, class=org.apache.logging.log4j.core.config.LoggerConfig].
2022-02-14 22:49:05,980 Test worker DEBUG createLogger(additivity="false", level="INFO", name="java.sql.ResultSet", includeLocation="null", ={console}, ={}, Configuration(C:\Users\bumre\GitHub\ShoppingMall\shopMarket\build\resources\main\log4j2.xml), Filter=null)
2022-02-14 22:49:05,981 Test worker DEBUG Building Plugin[name=appender-ref, class=org.apache.logging.log4j.core.config.AppenderRef].
2022-02-14 22:49:05,981 Test worker DEBUG createAppenderRef(ref="console", level="null", Filter=null)
2022-02-14 22:49:05,982 Test worker DEBUG Building Plugin[name=logger, class=org.apache.logging.log4j.core.config.LoggerConfig].
2022-02-14 22:49:05,983 Test worker DEBUG createLogger(additivity="false", level="DEBUG", name="org.springframework.jdbc", includeLocation="null", ={console}, ={}, Configuration(C:\Users\bumre\GitHub\ShoppingMall\shopMarket\build\resources\main\log4j2.xml), Filter=null)
2022-02-14 22:49:05,983 Test worker DEBUG Building Plugin[name=appender-ref, class=org.apache.logging.log4j.core.config.AppenderRef].
2022-02-14 22:49:05,984 Test worker DEBUG createAppenderRef(ref="console", level="null", Filter=null)
2022-02-14 22:49:05,985 Test worker DEBUG Building Plugin[name=logger, class=org.apache.logging.log4j.core.config.LoggerConfig].
2022-02-14 22:49:05,985 Test worker DEBUG createLogger(additivity="false", level="TRACE", name="org.springframework.security", includeLocation="null", ={console}, ={}, Configuration(C:\Users\bumre\GitHub\ShoppingMall\shopMarket\build\resources\main\log4j2.xml), Filter=null)
2022-02-14 22:49:05,986 Test worker DEBUG Building Plugin[name=appender-ref, class=org.apache.logging.log4j.core.config.AppenderRef].
2022-02-14 22:49:05,986 Test worker DEBUG createAppenderRef(ref="console", level="null", Filter=null)
2022-02-14 22:49:05,987 Test worker DEBUG Building Plugin[name=logger, class=org.apache.logging.log4j.core.config.LoggerConfig].
2022-02-14 22:49:05,988 Test worker DEBUG createLogger(additivity="false", level="INFO", name="com.zaxxer", includeLocation="null", ={console}, ={}, Configuration(C:\Users\bumre\GitHub\ShoppingMall\shopMarket\build\resources\main\log4j2.xml), Filter=null)
2022-02-14 22:49:05,988 Test worker DEBUG Building Plugin[name=AppenderRef, class=org.apache.logging.log4j.core.config.AppenderRef].
2022-02-14 22:49:05,989 Test worker DEBUG createAppenderRef(ref="console", level="null", Filter=null)
2022-02-14 22:49:05,989 Test worker DEBUG Building Plugin[name=root, class=org.apache.logging.log4j.core.config.LoggerConfig$RootLogger].
2022-02-14 22:49:05,990 Test worker DEBUG createLogger(additivity="false", level="INFO", includeLocation="null", ={console}, ={}, Configuration(C:\Users\bumre\GitHub\ShoppingMall\shopMarket\build\resources\main\log4j2.xml), Filter=null)
2022-02-14 22:49:05,991 Test worker DEBUG Building Plugin[name=loggers, class=org.apache.logging.log4j.core.config.LoggersPlugin].
2022-02-14 22:49:05,992 Test worker DEBUG createLoggers(={jdbc.sqltiming, java.sql.Connection, java.sql.Statement, java.sql.PreparedStatement, java.sql.ResultSet, org.springframework.jdbc, org.springframework.security, com.zaxxer, root})
2022-02-14 22:49:05,994 Test worker DEBUG Configuration XmlConfiguration[location=C:\Users\bumre\GitHub\ShoppingMall\shopMarket\build\resources\main\log4j2.xml] initialized
2022-02-14 22:49:05,994 Test worker DEBUG Starting configuration XmlConfiguration[location=C:\Users\bumre\GitHub\ShoppingMall\shopMarket\build\resources\main\log4j2.xml]
2022-02-14 22:49:05,994 Test worker DEBUG Started configuration XmlConfiguration[location=C:\Users\bumre\GitHub\ShoppingMall\shopMarket\build\resources\main\log4j2.xml] OK.
2022-02-14 22:49:05,995 Test worker DEBUG Shutting down OutputStreamManager SYSTEM_OUT.false.false-1
2022-02-14 22:49:05,995 Test worker DEBUG OutputStream closed
2022-02-14 22:49:05,995 Test worker DEBUG Shut down OutputStreamManager SYSTEM_OUT.false.false-1, all resources released: true
2022-02-14 22:49:05,996 Test worker DEBUG Appender DefaultConsole-1 stopped with status true
2022-02-14 22:49:05,996 Test worker DEBUG Stopped org.apache.logging.log4j.core.config.DefaultConfiguration@3a23aa8 OK
2022-02-14 22:49:06,045 Test worker DEBUG Registering MBean org.apache.logging.log4j2:type=69663380
2022-02-14 22:49:06,048 Test worker DEBUG Registering MBean org.apache.logging.log4j2:type=69663380,component=StatusLogger
2022-02-14 22:49:06,049 Test worker DEBUG Registering MBean org.apache.logging.log4j2:type=69663380,component=ContextSelector
2022-02-14 22:49:06,051 Test worker DEBUG Registering MBean org.apache.logging.log4j2:type=69663380,component=Loggers,name=
2022-02-14 22:49:06,052 Test worker DEBUG Registering MBean org.apache.logging.log4j2:type=69663380,component=Loggers,name=com.zaxxer
2022-02-14 22:49:06,053 Test worker DEBUG Registering MBean org.apache.logging.log4j2:type=69663380,component=Loggers,name=java.sql.Connection
2022-02-14 22:49:06,053 Test worker DEBUG Registering MBean org.apache.logging.log4j2:type=69663380,component=Loggers,name=java.sql.ResultSet
2022-02-14 22:49:06,054 Test worker DEBUG Registering MBean org.apache.logging.log4j2:type=69663380,component=Loggers,name=java.sql.Statement
2022-02-14 22:49:06,054 Test worker DEBUG Registering MBean org.apache.logging.log4j2:type=69663380,component=Loggers,name=org.springframework.security
2022-02-14 22:49:06,055 Test worker DEBUG Registering MBean org.apache.logging.log4j2:type=69663380,component=Loggers,name=jdbc.sqltiming
2022-02-14 22:49:06,055 Test worker DEBUG Registering MBean org.apache.logging.log4j2:type=69663380,component=Loggers,name=java.sql.PreparedStatement
2022-02-14 22:49:06,057 Test worker DEBUG Registering MBean org.apache.logging.log4j2:type=69663380,component=Loggers,name=org.springframework.jdbc
2022-02-14 22:49:06,060 Test worker DEBUG Registering MBean org.apache.logging.log4j2:type=69663380,component=Appenders,name=console
2022-02-14 22:49:06,068 Test worker DEBUG org.apache.logging.log4j.core.util.SystemClock supports precise timestamps.
2022-02-14 22:49:06,068 Test worker DEBUG Reconfiguration complete for context[name=69663380] at URI C:\Users\bumre\GitHub\ShoppingMall\shopMarket\build\resources\main\log4j2.xml (org.apache.logging.log4j.core.LoggerContext@76b470a) with optional ClassLoader: null
2022-02-14 22:49:06,069 Test worker DEBUG Shutdown hook enabled. Registering a new one.
2022-02-14 22:49:06,069 Test worker DEBUG LoggerContext[name=69663380, org.apache.logging.log4j.core.LoggerContext@76b470a] started OK.
2022-02-14 10:49:06  INFO [org.springframework.test.context.support.DefaultTestContextBootstrapper] Loaded default TestExecutionListener class names from location [META-INF/spring.factories]: [org.springframework.test.context.web.ServletTestExecutionListener, org.springframework.test.context.support.DirtiesContextBeforeModesTestExecutionListener, org.springframework.test.context.event.ApplicationEventsTestExecutionListener, org.springframework.test.context.support.DependencyInjectionTestExecutionListener, org.springframework.test.context.support.DirtiesContextTestExecutionListener, org.springframework.test.context.transaction.TransactionalTestExecutionListener, org.springframework.test.context.jdbc.SqlScriptsTestExecutionListener, org.springframework.test.context.event.EventPublishingTestExecutionListener]
2022-02-14 22:49:06,167 Test worker DEBUG AsyncLogger.ThreadNameStrategy=UNCACHED (user specified null, default is UNCACHED)
2022-02-14 22:49:06,168 Test worker DEBUG org.apache.logging.log4j.core.util.SystemClock supports precise timestamps.
2022-02-14 10:49:06  INFO [org.springframework.test.context.support.DefaultTestContextBootstrapper] Using TestExecutionListeners: [org.springframework.test.context.web.ServletTestExecutionListener@67763d7d, org.springframework.test.context.support.DirtiesContextBeforeModesTestExecutionListener@22fabadc, org.springframework.test.context.event.ApplicationEventsTestExecutionListener@6269886b, org.springframework.test.context.support.DependencyInjectionTestExecutionListener@18e38389, org.springframework.test.context.support.DirtiesContextTestExecutionListener@4e28c83d, org.springframework.test.context.transaction.TransactionalTestExecutionListener@39f3b77e, org.springframework.test.context.jdbc.SqlScriptsTestExecutionListener@17775afb, org.springframework.test.context.event.EventPublishingTestExecutionListener@138c6c57]
2022-02-14 10:49:06  INFO [com.denny.shopmarket.mainPage.config.MainPageRootConfig] MainPageRootConfig.............
2022-02-14 10:49:06  INFO [com.denny.shopmarket.mainPage.config.MainPageRootConfig] MainPageRootConfig.............
2022-02-14 10:49:06  INFO [com.denny.shopmarket.mainPage.config.MainPageRootConfig] MainPageRootConfig.............
2022-02-14 10:49:06  INFO [com.denny.shopmarket.mainPage.config.MainPageRootConfig] MainPageRootConfig.............
2022-02-14 10:49:06  INFO [com.denny.shopmarket.mainPage.config.MainPageRootConfig] MainPageRootConfig.............
2022-02-14 10:49:07 DEBUG [org.springframework.jdbc.datasource.DataSourceUtils] Fetching JDBC Connection from DataSource
2022-02-14 10:49:07  INFO [com.denny.shopmarket.mainPage.mapper.MainPageMapperTest] =========================
2022-02-14 10:49:07  INFO [com.denny.shopmarket.mainPage.mapper.MainPageMapperTest] ItemVo(itemNo=48, sellerNo=2, itemNm=빨간 티숴츠, itemCateB=B, itemCateS=b, regDate=2022-02-02T10:24:59, modDate=null, itemStatus=Y, imageCnt=5, price=50, attachList=[ItemAttach(uuid=108617c9-1564-456e-b226-06abf9335c6c, itemNo=48, filename=gallery-4.jpg, image=true, uploadPath=2022/02/02, imageUsage=itemMain)])
2022-02-14 10:49:07  INFO [com.denny.shopmarket.mainPage.mapper.MainPageMapperTest] =========================
2022-02-14 10:49:07  INFO [com.denny.shopmarket.mainPage.mapper.MainPageMapperTest] ItemVo(itemNo=47, sellerNo=1, itemNm=이것은 테스트, itemCateB=B, itemCateS=b, regDate=2022-02-02T09:51:10, modDate=null, itemStatus=Y, imageCnt=3, price=50, attachList=[ItemAttach(uuid=6fe8d14e-567d-4748-8962-89453aab0326, itemNo=47, filename=product-9.jpg, image=true, uploadPath=2022/02/02, imageUsage=itemMain)])
2022-02-14 10:49:07  INFO [com.denny.shopmarket.mainPage.mapper.MainPageMapperTest] =========================
2022-02-14 10:49:07  INFO [com.denny.shopmarket.mainPage.mapper.MainPageMapperTest] ItemVo(itemNo=46, sellerNo=1, itemNm=aafdsfsdfd, itemCateB=C, itemCateS=b, regDate=2022-01-31T12:48:33, modDate=null, itemStatus=Y, imageCnt=5, price=50, attachList=[ItemAttach(uuid=18e84435-0dd0-42c9-9b8d-60ca61882c11, itemNo=46, filename=product-9.jpg, image=true, uploadPath=2022/01/31, imageUsage=itemMain)])
2022-02-14 10:49:07  INFO [com.denny.shopmarket.mainPage.mapper.MainPageMapperTest] =========================
2022-02-14 10:49:07  INFO [com.denny.shopmarket.mainPage.mapper.MainPageMapperTest] ItemVo(itemNo=45, sellerNo=1, itemNm=fdsfsdf, itemCateB=B, itemCateS=b, regDate=2022-01-31T11:59:24, modDate=null, itemStatus=Y, imageCnt=4, price=50, attachList=[ItemAttach(uuid=ab2899bd-e0bd-408e-a8bf-20a56aadbc6f, itemNo=45, filename=product-10.jpg, image=true, uploadPath=2022/01/31, imageUsage=itemMain)])
2022-02-14 10:49:07  INFO [com.denny.shopmarket.mainPage.mapper.MainPageMapperTest] =========================
2022-02-14 10:49:07  INFO [com.denny.shopmarket.mainPage.mapper.MainPageMapperTest] ItemVo(itemNo=44, sellerNo=1, itemNm=fdsfsd, itemCateB=B, itemCateS=b, regDate=2022-01-31T11:59:01, modDate=null, itemStatus=Y, imageCnt=3, price=50, attachList=[ItemAttach(uuid=74b9baef-ac90-4032-85c3-b8fd45bc6534, itemNo=44, filename=product-9.jpg, image=true, uploadPath=2022/01/31, imageUsage=itemMain)])
2022-02-14 10:49:07  INFO [com.denny.shopmarket.mainPage.mapper.MainPageMapperTest] =========================
2022-02-14 10:49:07  INFO [com.denny.shopmarket.mainPage.mapper.MainPageMapperTest] ItemVo(itemNo=43, sellerNo=1, itemNm=fdsfsa, itemCateB=B, itemCateS=b, regDate=2022-01-31T11:58:32, modDate=null, itemStatus=Y, imageCnt=1, price=50, attachList=[ItemAttach(uuid=50e2fb5f-274c-4ac2-8028-ad18a12f50d5, itemNo=43, filename=product-9.jpg, image=true, uploadPath=2022/01/31, imageUsage=itemMain)])
2022-02-14 10:49:07  INFO [com.denny.shopmarket.mainPage.mapper.MainPageMapperTest] =========================
2022-02-14 10:49:07  INFO [com.denny.shopmarket.mainPage.mapper.MainPageMapperTest] ItemVo(itemNo=42, sellerNo=1, itemNm=fsdfsd, itemCateB=B, itemCateS=a, regDate=2022-01-31T11:58:16, modDate=null, itemStatus=Y, imageCnt=3, price=50, attachList=[ItemAttach(uuid=6ce1c495-942d-4a3b-9f3c-592dd0deded3, itemNo=42, filename=cat.jpg, image=true, uploadPath=2022/01/31, imageUsage=itemMain)])
2022-02-14 10:49:07  INFO [com.denny.shopmarket.mainPage.mapper.MainPageMapperTest] =========================
2022-02-14 10:49:07  INFO [com.denny.shopmarket.mainPage.mapper.MainPageMapperTest] ItemVo(itemNo=41, sellerNo=1, itemNm=sdfdsafsdafsda, itemCateB=A, itemCateS=c, regDate=2022-01-31T11:57:53, modDate=null, itemStatus=Y, imageCnt=4, price=50, attachList=[ItemAttach(uuid=a6b6d603-0fa8-4e50-a86c-88b716f1f9b1, itemNo=41, filename=product-9.jpg, image=true, uploadPath=2022/01/31, imageUsage=itemMain)])
]]></system-out>
  <system-err><![CDATA[Warning: Nashorn engine is planned to be removed from a future JDK release
[Test worker] INFO com.zaxxer.hikari.HikariDataSource - HikariPool-1 - Starting...
Loading class `com.mysql.jdbc.Driver'. This is deprecated. The new driver class is `com.mysql.cj.jdbc.Driver'. The driver is automatically registered via the SPI and manual loading of the driver class is generally unnecessary.
[Test worker] INFO com.zaxxer.hikari.pool.HikariPool - HikariPool-1 - Added connection com.mysql.cj.jdbc.ConnectionImpl@786e8292
[Test worker] INFO com.zaxxer.hikari.HikariDataSource - HikariPool-1 - Start completed.
]]></system-err>
</testsuite>
