<?xml version="1.0" encoding="UTF-8"?>
<testsuite name="com.denny.shopmarket.mainPage.mapper.CartMapperTest" tests="1" skipped="0" failures="0" errors="0" timestamp="2022-02-26T10:39:05" hostname="LAPTOP-5KUSBT32" time="0.113">
  <properties/>
  <testcase name="selectToCart()" classname="com.denny.shopmarket.mainPage.mapper.CartMapperTest" time="0.113"/>
  <system-out><![CDATA[2022-02-26 19:39:04,149 Test worker DEBUG Apache Log4j Core 2.17.1 initializing configuration XmlConfiguration[location=C:\Users\bumre\GitHub\ShoppingMall\shopMarket\build\resources\main\log4j2.xml]
2022-02-26 19:39:04,157 Test worker DEBUG Installed 1 script engine
2022-02-26 19:39:04,337 Test worker DEBUG Oracle Nashorn version: 11.0.12, language: ECMAScript, threading: Not Thread Safe, compile: true, names: [nashorn, Nashorn, js, JS, JavaScript, javascript, ECMAScript, ecmascript], factory class: jdk.nashorn.api.scripting.NashornScriptEngineFactory
2022-02-26 19:39:04,337 Test worker DEBUG PluginManager 'Core' found 127 plugins
2022-02-26 19:39:04,338 Test worker DEBUG PluginManager 'Level' found 0 plugins
2022-02-26 19:39:04,342 Test worker DEBUG PluginManager 'Lookup' found 16 plugins
2022-02-26 19:39:04,360 Test worker DEBUG Building Plugin[name=layout, class=org.apache.logging.log4j.core.layout.PatternLayout].
2022-02-26 19:39:04,368 Test worker DEBUG PluginManager 'TypeConverter' found 26 plugins
2022-02-26 19:39:04,380 Test worker DEBUG PatternLayout$Builder(pattern="%d{yyyy-MM-dd hh:mm:ss} %5p [%c] %m%n", PatternSelector=null, Configuration(C:\Users\bumre\GitHub\ShoppingMall\shopMarket\build\resources\main\log4j2.xml), Replace=null, charset="UTF-8", alwaysWriteExceptions="null", disableAnsi="null", noConsoleNoAnsi="null", header="null", footer="null")
2022-02-26 19:39:04,381 Test worker DEBUG PluginManager 'Converter' found 45 plugins
2022-02-26 19:39:04,396 Test worker DEBUG Building Plugin[name=appender, class=org.apache.logging.log4j.core.appender.ConsoleAppender].
2022-02-26 19:39:04,403 Test worker DEBUG ConsoleAppender$Builder(target="SYSTEM_OUT", follow="null", direct="null", bufferedIo="null", bufferSize="null", immediateFlush="null", ignoreExceptions="null", PatternLayout(%d{yyyy-MM-dd hh:mm:ss} %5p [%c] %m%n), name="console", Configuration(C:\Users\bumre\GitHub\ShoppingMall\shopMarket\build\resources\main\log4j2.xml), Filter=null, ={})
2022-02-26 19:39:04,406 Test worker DEBUG Starting OutputStreamManager SYSTEM_OUT.false.false
2022-02-26 19:39:04,406 Test worker DEBUG Building Plugin[name=appenders, class=org.apache.logging.log4j.core.config.AppendersPlugin].
2022-02-26 19:39:04,408 Test worker DEBUG createAppenders(={console})
2022-02-26 19:39:04,409 Test worker DEBUG Building Plugin[name=appender-ref, class=org.apache.logging.log4j.core.config.AppenderRef].
2022-02-26 19:39:04,412 Test worker DEBUG createAppenderRef(ref="console", level="null", Filter=null)
2022-02-26 19:39:04,413 Test worker DEBUG Building Plugin[name=logger, class=org.apache.logging.log4j.core.config.LoggerConfig].
2022-02-26 19:39:04,416 Test worker DEBUG createLogger(additivity="false", level="INFO", name="jdbc.sqltiming", includeLocation="null", ={console}, ={}, Configuration(C:\Users\bumre\GitHub\ShoppingMall\shopMarket\build\resources\main\log4j2.xml), Filter=null)
2022-02-26 19:39:04,418 Test worker DEBUG Building Plugin[name=appender-ref, class=org.apache.logging.log4j.core.config.AppenderRef].
2022-02-26 19:39:04,419 Test worker DEBUG createAppenderRef(ref="console", level="null", Filter=null)
2022-02-26 19:39:04,419 Test worker DEBUG Building Plugin[name=logger, class=org.apache.logging.log4j.core.config.LoggerConfig].
2022-02-26 19:39:04,420 Test worker DEBUG createLogger(additivity="false", level="INFO", name="java.sql.Connection", includeLocation="null", ={console}, ={}, Configuration(C:\Users\bumre\GitHub\ShoppingMall\shopMarket\build\resources\main\log4j2.xml), Filter=null)
2022-02-26 19:39:04,421 Test worker DEBUG Building Plugin[name=appender-ref, class=org.apache.logging.log4j.core.config.AppenderRef].
2022-02-26 19:39:04,421 Test worker DEBUG createAppenderRef(ref="console", level="null", Filter=null)
2022-02-26 19:39:04,422 Test worker DEBUG Building Plugin[name=logger, class=org.apache.logging.log4j.core.config.LoggerConfig].
2022-02-26 19:39:04,424 Test worker DEBUG createLogger(additivity="false", level="INFO", name="java.sql.Statement", includeLocation="null", ={console}, ={}, Configuration(C:\Users\bumre\GitHub\ShoppingMall\shopMarket\build\resources\main\log4j2.xml), Filter=null)
2022-02-26 19:39:04,425 Test worker DEBUG Building Plugin[name=appender-ref, class=org.apache.logging.log4j.core.config.AppenderRef].
2022-02-26 19:39:04,426 Test worker DEBUG createAppenderRef(ref="console", level="null", Filter=null)
2022-02-26 19:39:04,426 Test worker DEBUG Building Plugin[name=logger, class=org.apache.logging.log4j.core.config.LoggerConfig].
2022-02-26 19:39:04,427 Test worker DEBUG createLogger(additivity="false", level="INFO", name="java.sql.PreparedStatement", includeLocation="null", ={console}, ={}, Configuration(C:\Users\bumre\GitHub\ShoppingMall\shopMarket\build\resources\main\log4j2.xml), Filter=null)
2022-02-26 19:39:04,428 Test worker DEBUG Building Plugin[name=appender-ref, class=org.apache.logging.log4j.core.config.AppenderRef].
2022-02-26 19:39:04,429 Test worker DEBUG createAppenderRef(ref="console", level="null", Filter=null)
2022-02-26 19:39:04,430 Test worker DEBUG Building Plugin[name=logger, class=org.apache.logging.log4j.core.config.LoggerConfig].
2022-02-26 19:39:04,431 Test worker DEBUG createLogger(additivity="false", level="INFO", name="java.sql.ResultSet", includeLocation="null", ={console}, ={}, Configuration(C:\Users\bumre\GitHub\ShoppingMall\shopMarket\build\resources\main\log4j2.xml), Filter=null)
2022-02-26 19:39:04,432 Test worker DEBUG Building Plugin[name=appender-ref, class=org.apache.logging.log4j.core.config.AppenderRef].
2022-02-26 19:39:04,433 Test worker DEBUG createAppenderRef(ref="console", level="null", Filter=null)
2022-02-26 19:39:04,433 Test worker DEBUG Building Plugin[name=logger, class=org.apache.logging.log4j.core.config.LoggerConfig].
2022-02-26 19:39:04,434 Test worker DEBUG createLogger(additivity="false", level="DEBUG", name="org.springframework.jdbc", includeLocation="null", ={console}, ={}, Configuration(C:\Users\bumre\GitHub\ShoppingMall\shopMarket\build\resources\main\log4j2.xml), Filter=null)
2022-02-26 19:39:04,435 Test worker DEBUG Building Plugin[name=appender-ref, class=org.apache.logging.log4j.core.config.AppenderRef].
2022-02-26 19:39:04,435 Test worker DEBUG createAppenderRef(ref="console", level="null", Filter=null)
2022-02-26 19:39:04,436 Test worker DEBUG Building Plugin[name=logger, class=org.apache.logging.log4j.core.config.LoggerConfig].
2022-02-26 19:39:04,436 Test worker DEBUG createLogger(additivity="false", level="WARN", name="org.springframework.security", includeLocation="null", ={console}, ={}, Configuration(C:\Users\bumre\GitHub\ShoppingMall\shopMarket\build\resources\main\log4j2.xml), Filter=null)
2022-02-26 19:39:04,437 Test worker DEBUG Building Plugin[name=appender-ref, class=org.apache.logging.log4j.core.config.AppenderRef].
2022-02-26 19:39:04,438 Test worker DEBUG createAppenderRef(ref="console", level="null", Filter=null)
2022-02-26 19:39:04,438 Test worker DEBUG Building Plugin[name=logger, class=org.apache.logging.log4j.core.config.LoggerConfig].
2022-02-26 19:39:04,439 Test worker DEBUG createLogger(additivity="false", level="INFO", name="com.zaxxer", includeLocation="null", ={console}, ={}, Configuration(C:\Users\bumre\GitHub\ShoppingMall\shopMarket\build\resources\main\log4j2.xml), Filter=null)
2022-02-26 19:39:04,440 Test worker DEBUG Building Plugin[name=AppenderRef, class=org.apache.logging.log4j.core.config.AppenderRef].
2022-02-26 19:39:04,441 Test worker DEBUG createAppenderRef(ref="console", level="null", Filter=null)
2022-02-26 19:39:04,441 Test worker DEBUG Building Plugin[name=root, class=org.apache.logging.log4j.core.config.LoggerConfig$RootLogger].
2022-02-26 19:39:04,443 Test worker DEBUG createLogger(additivity="false", level="INFO", includeLocation="null", ={console}, ={}, Configuration(C:\Users\bumre\GitHub\ShoppingMall\shopMarket\build\resources\main\log4j2.xml), Filter=null)
2022-02-26 19:39:04,444 Test worker DEBUG Building Plugin[name=loggers, class=org.apache.logging.log4j.core.config.LoggersPlugin].
2022-02-26 19:39:04,445 Test worker DEBUG createLoggers(={jdbc.sqltiming, java.sql.Connection, java.sql.Statement, java.sql.PreparedStatement, java.sql.ResultSet, org.springframework.jdbc, org.springframework.security, com.zaxxer, root})
2022-02-26 19:39:04,447 Test worker DEBUG Configuration XmlConfiguration[location=C:\Users\bumre\GitHub\ShoppingMall\shopMarket\build\resources\main\log4j2.xml] initialized
2022-02-26 19:39:04,448 Test worker DEBUG Starting configuration XmlConfiguration[location=C:\Users\bumre\GitHub\ShoppingMall\shopMarket\build\resources\main\log4j2.xml]
2022-02-26 19:39:04,448 Test worker DEBUG Started configuration XmlConfiguration[location=C:\Users\bumre\GitHub\ShoppingMall\shopMarket\build\resources\main\log4j2.xml] OK.
2022-02-26 19:39:04,449 Test worker DEBUG Shutting down OutputStreamManager SYSTEM_OUT.false.false-1
2022-02-26 19:39:04,449 Test worker DEBUG OutputStream closed
2022-02-26 19:39:04,450 Test worker DEBUG Shut down OutputStreamManager SYSTEM_OUT.false.false-1, all resources released: true
2022-02-26 19:39:04,450 Test worker DEBUG Appender DefaultConsole-1 stopped with status true
2022-02-26 19:39:04,451 Test worker DEBUG Stopped org.apache.logging.log4j.core.config.DefaultConfiguration@a7c1eb1 OK
2022-02-26 19:39:04,499 Test worker DEBUG Registering MBean org.apache.logging.log4j2:type=69663380
2022-02-26 19:39:04,502 Test worker DEBUG Registering MBean org.apache.logging.log4j2:type=69663380,component=StatusLogger
2022-02-26 19:39:04,504 Test worker DEBUG Registering MBean org.apache.logging.log4j2:type=69663380,component=ContextSelector
2022-02-26 19:39:04,505 Test worker DEBUG Registering MBean org.apache.logging.log4j2:type=69663380,component=Loggers,name=
2022-02-26 19:39:04,506 Test worker DEBUG Registering MBean org.apache.logging.log4j2:type=69663380,component=Loggers,name=com.zaxxer
2022-02-26 19:39:04,506 Test worker DEBUG Registering MBean org.apache.logging.log4j2:type=69663380,component=Loggers,name=java.sql.Connection
2022-02-26 19:39:04,507 Test worker DEBUG Registering MBean org.apache.logging.log4j2:type=69663380,component=Loggers,name=java.sql.ResultSet
2022-02-26 19:39:04,507 Test worker DEBUG Registering MBean org.apache.logging.log4j2:type=69663380,component=Loggers,name=java.sql.Statement
2022-02-26 19:39:04,508 Test worker DEBUG Registering MBean org.apache.logging.log4j2:type=69663380,component=Loggers,name=org.springframework.security
2022-02-26 19:39:04,508 Test worker DEBUG Registering MBean org.apache.logging.log4j2:type=69663380,component=Loggers,name=jdbc.sqltiming
2022-02-26 19:39:04,509 Test worker DEBUG Registering MBean org.apache.logging.log4j2:type=69663380,component=Loggers,name=java.sql.PreparedStatement
2022-02-26 19:39:04,511 Test worker DEBUG Registering MBean org.apache.logging.log4j2:type=69663380,component=Loggers,name=org.springframework.jdbc
2022-02-26 19:39:04,513 Test worker DEBUG Registering MBean org.apache.logging.log4j2:type=69663380,component=Appenders,name=console
2022-02-26 19:39:04,516 Test worker DEBUG org.apache.logging.log4j.core.util.SystemClock supports precise timestamps.
2022-02-26 19:39:04,517 Test worker DEBUG Reconfiguration complete for context[name=69663380] at URI C:\Users\bumre\GitHub\ShoppingMall\shopMarket\build\resources\main\log4j2.xml (org.apache.logging.log4j.core.LoggerContext@7cca3153) with optional ClassLoader: null
2022-02-26 19:39:04,517 Test worker DEBUG Shutdown hook enabled. Registering a new one.
2022-02-26 19:39:04,518 Test worker DEBUG LoggerContext[name=69663380, org.apache.logging.log4j.core.LoggerContext@7cca3153] started OK.
2022-02-26 07:39:04  INFO [org.springframework.test.context.support.DefaultTestContextBootstrapper] Loaded default TestExecutionListener class names from location [META-INF/spring.factories]: [org.springframework.test.context.web.ServletTestExecutionListener, org.springframework.test.context.support.DirtiesContextBeforeModesTestExecutionListener, org.springframework.test.context.event.ApplicationEventsTestExecutionListener, org.springframework.test.context.support.DependencyInjectionTestExecutionListener, org.springframework.test.context.support.DirtiesContextTestExecutionListener, org.springframework.test.context.transaction.TransactionalTestExecutionListener, org.springframework.test.context.jdbc.SqlScriptsTestExecutionListener, org.springframework.test.context.event.EventPublishingTestExecutionListener]
2022-02-26 19:39:04,613 Test worker DEBUG AsyncLogger.ThreadNameStrategy=UNCACHED (user specified null, default is UNCACHED)
2022-02-26 19:39:04,613 Test worker DEBUG org.apache.logging.log4j.core.util.SystemClock supports precise timestamps.
2022-02-26 07:39:04  INFO [org.springframework.test.context.support.DefaultTestContextBootstrapper] Using TestExecutionListeners: [org.springframework.test.context.web.ServletTestExecutionListener@60b76b74, org.springframework.test.context.support.DirtiesContextBeforeModesTestExecutionListener@2c36cae, org.springframework.test.context.event.ApplicationEventsTestExecutionListener@59f7ff8f, org.springframework.test.context.support.DependencyInjectionTestExecutionListener@43ea7441, org.springframework.test.context.support.DirtiesContextTestExecutionListener@185d4b83, org.springframework.test.context.transaction.TransactionalTestExecutionListener@1e2e23a, org.springframework.test.context.jdbc.SqlScriptsTestExecutionListener@670f7e0e, org.springframework.test.context.event.EventPublishingTestExecutionListener@77d746d2]
2022-02-26 07:39:04  INFO [com.denny.shopmarket.mainPage.config.MainPageRootConfig] MainPageRootConfig.............
2022-02-26 07:39:04  INFO [com.denny.shopmarket.mainPage.config.MainPageRootConfig] MainPageRootConfig.............
2022-02-26 07:39:04  INFO [com.denny.shopmarket.mainPage.config.MainPageRootConfig] MainPageRootConfig.............
2022-02-26 07:39:04  INFO [com.denny.shopmarket.mainPage.config.MainPageRootConfig] MainPageRootConfig.............
2022-02-26 07:39:04  INFO [com.denny.shopmarket.mainPage.config.MainPageRootConfig] MainPageRootConfig.............
2022-02-26 07:39:05 DEBUG [org.springframework.jdbc.datasource.DataSourceUtils] Fetching JDBC Connection from DataSource
2022-02-26 07:39:05  INFO [com.denny.shopmarket.mainPage.mapper.CartMapperTest] CartVo(cartNo=32, itemNo=42, sellerId=admin2, itemNm=test115522, price=9700, itemCateB=B, itemCateS=a, quantity=1, cartUser=member1, orderDone=false, attachLists=[ItemAttach(uuid=6ce1c495-942d-4a3b-9f3c-592dd0deded3, itemNo=42, filename=cat.jpg, image=true, uploadPath=2022/01/31, imageUsage=itemMain)])
2022-02-26 07:39:05  INFO [com.denny.shopmarket.mainPage.mapper.CartMapperTest] CartVo(cartNo=34, itemNo=41, sellerId=admin2, itemNm=test222, price=3100, itemCateB=B, itemCateS=a, quantity=1, cartUser=member1, orderDone=false, attachLists=[ItemAttach(uuid=a6b6d603-0fa8-4e50-a86c-88b716f1f9b1, itemNo=41, filename=product-9.jpg, image=true, uploadPath=2022/01/31, imageUsage=itemMain)])
2022-02-26 07:39:05  INFO [com.denny.shopmarket.mainPage.mapper.CartMapperTest] CartVo(cartNo=35, itemNo=43, sellerId=admin2, itemNm=test222, price=3100, itemCateB=B, itemCateS=a, quantity=1, cartUser=member1, orderDone=false, attachLists=[ItemAttach(uuid=50e2fb5f-274c-4ac2-8028-ad18a12f50d5, itemNo=43, filename=product-9.jpg, image=true, uploadPath=2022/01/31, imageUsage=itemMain)])
2022-02-26 07:39:05  INFO [com.denny.shopmarket.mainPage.mapper.CartMapperTest] CartVo(cartNo=36, itemNo=44, sellerId=admin2, itemNm=test222, price=3100, itemCateB=B, itemCateS=a, quantity=1, cartUser=member1, orderDone=false, attachLists=[ItemAttach(uuid=74b9baef-ac90-4032-85c3-b8fd45bc6534, itemNo=44, filename=product-9.jpg, image=true, uploadPath=2022/01/31, imageUsage=itemMain)])
2022-02-26 07:39:05  INFO [com.denny.shopmarket.mainPage.mapper.CartMapperTest] CartVo(cartNo=37, itemNo=54, sellerId=admin2, itemNm=test222, price=3100, itemCateB=B, itemCateS=a, quantity=1, cartUser=member1, orderDone=false, attachLists=[ItemAttach(uuid=f820af4f-aabd-4a1d-9cbd-d915b7068c67, itemNo=54, filename=gallery-2.jpg, image=true, uploadPath=2022/02/21, imageUsage=itemMain)])
2022-02-26 07:39:05  INFO [com.denny.shopmarket.mainPage.mapper.CartMapperTest] CartVo(cartNo=38, itemNo=52, sellerId=admin1, itemNm=이러면 되나, price=50, itemCateB=B, itemCateS=b, quantity=1, cartUser=member1, orderDone=false, attachLists=[ItemAttach(uuid=0c0f16a2-703f-4f04-9a25-054a752bd0b5, itemNo=52, filename=category-1.jpg, image=true, uploadPath=2022/02/16, imageUsage=itemMain)])
2022-02-26 07:39:05  INFO [com.denny.shopmarket.mainPage.mapper.CartMapperTest] CartVo(cartNo=39, itemNo=49, sellerId=admin5, itemNm=신발, price=50, itemCateB=B, itemCateS=b, quantity=1, cartUser=member1, orderDone=false, attachLists=[ItemAttach(uuid=36959073-54dd-4801-8e15-6be604e2ea51, itemNo=49, filename=product-11.jpg, image=true, uploadPath=2022/02/15, imageUsage=itemMain)])
2022-02-26 07:39:05  INFO [com.denny.shopmarket.mainPage.mapper.CartMapperTest] CartVo(cartNo=40, itemNo=51, sellerId=admin5, itemNm=수민이의 미래를 위하여, price=50, itemCateB=B, itemCateS=b, quantity=7, cartUser=member1, orderDone=false, attachLists=[ItemAttach(uuid=04d1fcce-29e3-48e9-97f6-e065aa7c2b35, itemNo=51, filename=category-2.jpg, image=true, uploadPath=2022/02/15, imageUsage=itemMain)])
2022-02-26 07:39:05  INFO [com.denny.shopmarket.mainPage.mapper.CartMapperTest] CartVo(cartNo=41, itemNo=50, sellerId=admin5, itemNm=예아 this is 신발 too, price=50, itemCateB=B, itemCateS=b, quantity=1, cartUser=member1, orderDone=false, attachLists=[ItemAttach(uuid=3e30b34b-2a0d-4f18-80f4-94bc0d53a25e, itemNo=50, filename=category-1.jpg, image=true, uploadPath=2022/02/15, imageUsage=itemMain)])
2022-02-26 07:39:05  INFO [com.denny.shopmarket.mainPage.mapper.CartMapperTest] CartVo(cartNo=42, itemNo=53, sellerId=admin1, itemNm=되나?, price=50, itemCateB=B, itemCateS=b, quantity=1, cartUser=member1, orderDone=false, attachLists=[ItemAttach(uuid=1a903754-e5ab-46ed-ace7-c225fb7ba494, itemNo=53, filename=category-1.jpg, image=true, uploadPath=2022/02/16, imageUsage=itemMain)])
]]></system-out>
  <system-err><![CDATA[Warning: Nashorn engine is planned to be removed from a future JDK release
[Test worker] INFO com.zaxxer.hikari.HikariDataSource - HikariPool-1 - Starting...
Loading class `com.mysql.jdbc.Driver'. This is deprecated. The new driver class is `com.mysql.cj.jdbc.Driver'. The driver is automatically registered via the SPI and manual loading of the driver class is generally unnecessary.
[Test worker] INFO com.zaxxer.hikari.pool.HikariPool - HikariPool-1 - Added connection com.mysql.cj.jdbc.ConnectionImpl@259ed368
[Test worker] INFO com.zaxxer.hikari.HikariDataSource - HikariPool-1 - Start completed.
]]></system-err>
</testsuite>
