<?xml version="1.0" encoding="UTF-8"?>
<testsuite name="com.denny.shopmarket.mainPage.mapper.MainPageMapperTest" tests="1" skipped="0" failures="0" errors="0" timestamp="2022-03-04T08:14:37" hostname="LAPTOP-5KUSBT32" time="0.145">
  <properties/>
  <testcase name="selectListTest()" classname="com.denny.shopmarket.mainPage.mapper.MainPageMapperTest" time="0.145"/>
  <system-out><![CDATA[2022-03-04 17:14:36,004 Test worker DEBUG Apache Log4j Core 2.17.1 initializing configuration XmlConfiguration[location=C:\Users\bumre\GitHub\ShoppingMall\shopMarket\build\resources\main\log4j2.xml]
2022-03-04 17:14:36,019 Test worker DEBUG Installed 1 script engine
2022-03-04 17:14:36,191 Test worker DEBUG Oracle Nashorn version: 11.0.12, language: ECMAScript, threading: Not Thread Safe, compile: true, names: [nashorn, Nashorn, js, JS, JavaScript, javascript, ECMAScript, ecmascript], factory class: jdk.nashorn.api.scripting.NashornScriptEngineFactory
2022-03-04 17:14:36,191 Test worker DEBUG PluginManager 'Core' found 127 plugins
2022-03-04 17:14:36,191 Test worker DEBUG PluginManager 'Level' found 0 plugins
2022-03-04 17:14:36,191 Test worker DEBUG PluginManager 'Lookup' found 16 plugins
2022-03-04 17:14:36,207 Test worker DEBUG Building Plugin[name=layout, class=org.apache.logging.log4j.core.layout.PatternLayout].
2022-03-04 17:14:36,222 Test worker DEBUG PluginManager 'TypeConverter' found 26 plugins
2022-03-04 17:14:36,222 Test worker DEBUG PatternLayout$Builder(pattern="%d{yyyy-MM-dd hh:mm:ss} %5p [%c] %m%n", PatternSelector=null, Configuration(C:\Users\bumre\GitHub\ShoppingMall\shopMarket\build\resources\main\log4j2.xml), Replace=null, charset="UTF-8", alwaysWriteExceptions="null", disableAnsi="null", noConsoleNoAnsi="null", header="null", footer="null")
2022-03-04 17:14:36,222 Test worker DEBUG PluginManager 'Converter' found 45 plugins
2022-03-04 17:14:36,238 Test worker DEBUG Building Plugin[name=appender, class=org.apache.logging.log4j.core.appender.ConsoleAppender].
2022-03-04 17:14:36,254 Test worker DEBUG ConsoleAppender$Builder(target="SYSTEM_OUT", follow="null", direct="null", bufferedIo="null", bufferSize="null", immediateFlush="null", ignoreExceptions="null", PatternLayout(%d{yyyy-MM-dd hh:mm:ss} %5p [%c] %m%n), name="console", Configuration(C:\Users\bumre\GitHub\ShoppingMall\shopMarket\build\resources\main\log4j2.xml), Filter=null, ={})
2022-03-04 17:14:36,254 Test worker DEBUG Starting OutputStreamManager SYSTEM_OUT.false.false
2022-03-04 17:14:36,254 Test worker DEBUG Building Plugin[name=appenders, class=org.apache.logging.log4j.core.config.AppendersPlugin].
2022-03-04 17:14:36,254 Test worker DEBUG createAppenders(={console})
2022-03-04 17:14:36,254 Test worker DEBUG Building Plugin[name=appender-ref, class=org.apache.logging.log4j.core.config.AppenderRef].
2022-03-04 17:14:36,254 Test worker DEBUG createAppenderRef(ref="console", level="null", Filter=null)
2022-03-04 17:14:36,254 Test worker DEBUG Building Plugin[name=logger, class=org.apache.logging.log4j.core.config.LoggerConfig].
2022-03-04 17:14:36,254 Test worker DEBUG createLogger(additivity="false", level="INFO", name="jdbc.sqltiming", includeLocation="null", ={console}, ={}, Configuration(C:\Users\bumre\GitHub\ShoppingMall\shopMarket\build\resources\main\log4j2.xml), Filter=null)
2022-03-04 17:14:36,269 Test worker DEBUG Building Plugin[name=appender-ref, class=org.apache.logging.log4j.core.config.AppenderRef].
2022-03-04 17:14:36,269 Test worker DEBUG createAppenderRef(ref="console", level="null", Filter=null)
2022-03-04 17:14:36,269 Test worker DEBUG Building Plugin[name=logger, class=org.apache.logging.log4j.core.config.LoggerConfig].
2022-03-04 17:14:36,269 Test worker DEBUG createLogger(additivity="false", level="INFO", name="java.sql.Connection", includeLocation="null", ={console}, ={}, Configuration(C:\Users\bumre\GitHub\ShoppingMall\shopMarket\build\resources\main\log4j2.xml), Filter=null)
2022-03-04 17:14:36,269 Test worker DEBUG Building Plugin[name=appender-ref, class=org.apache.logging.log4j.core.config.AppenderRef].
2022-03-04 17:14:36,269 Test worker DEBUG createAppenderRef(ref="console", level="null", Filter=null)
2022-03-04 17:14:36,269 Test worker DEBUG Building Plugin[name=logger, class=org.apache.logging.log4j.core.config.LoggerConfig].
2022-03-04 17:14:36,269 Test worker DEBUG createLogger(additivity="false", level="INFO", name="java.sql.Statement", includeLocation="null", ={console}, ={}, Configuration(C:\Users\bumre\GitHub\ShoppingMall\shopMarket\build\resources\main\log4j2.xml), Filter=null)
2022-03-04 17:14:36,269 Test worker DEBUG Building Plugin[name=appender-ref, class=org.apache.logging.log4j.core.config.AppenderRef].
2022-03-04 17:14:36,269 Test worker DEBUG createAppenderRef(ref="console", level="null", Filter=null)
2022-03-04 17:14:36,269 Test worker DEBUG Building Plugin[name=logger, class=org.apache.logging.log4j.core.config.LoggerConfig].
2022-03-04 17:14:36,269 Test worker DEBUG createLogger(additivity="false", level="INFO", name="java.sql.PreparedStatement", includeLocation="null", ={console}, ={}, Configuration(C:\Users\bumre\GitHub\ShoppingMall\shopMarket\build\resources\main\log4j2.xml), Filter=null)
2022-03-04 17:14:36,269 Test worker DEBUG Building Plugin[name=appender-ref, class=org.apache.logging.log4j.core.config.AppenderRef].
2022-03-04 17:14:36,269 Test worker DEBUG createAppenderRef(ref="console", level="null", Filter=null)
2022-03-04 17:14:36,269 Test worker DEBUG Building Plugin[name=logger, class=org.apache.logging.log4j.core.config.LoggerConfig].
2022-03-04 17:14:36,269 Test worker DEBUG createLogger(additivity="false", level="INFO", name="java.sql.ResultSet", includeLocation="null", ={console}, ={}, Configuration(C:\Users\bumre\GitHub\ShoppingMall\shopMarket\build\resources\main\log4j2.xml), Filter=null)
2022-03-04 17:14:36,269 Test worker DEBUG Building Plugin[name=appender-ref, class=org.apache.logging.log4j.core.config.AppenderRef].
2022-03-04 17:14:36,269 Test worker DEBUG createAppenderRef(ref="console", level="null", Filter=null)
2022-03-04 17:14:36,269 Test worker DEBUG Building Plugin[name=logger, class=org.apache.logging.log4j.core.config.LoggerConfig].
2022-03-04 17:14:36,269 Test worker DEBUG createLogger(additivity="false", level="DEBUG", name="org.springframework.jdbc", includeLocation="null", ={console}, ={}, Configuration(C:\Users\bumre\GitHub\ShoppingMall\shopMarket\build\resources\main\log4j2.xml), Filter=null)
2022-03-04 17:14:36,269 Test worker DEBUG Building Plugin[name=appender-ref, class=org.apache.logging.log4j.core.config.AppenderRef].
2022-03-04 17:14:36,269 Test worker DEBUG createAppenderRef(ref="console", level="null", Filter=null)
2022-03-04 17:14:36,269 Test worker DEBUG Building Plugin[name=logger, class=org.apache.logging.log4j.core.config.LoggerConfig].
2022-03-04 17:14:36,269 Test worker DEBUG createLogger(additivity="false", level="WARN", name="org.springframework.security", includeLocation="null", ={console}, ={}, Configuration(C:\Users\bumre\GitHub\ShoppingMall\shopMarket\build\resources\main\log4j2.xml), Filter=null)
2022-03-04 17:14:36,269 Test worker DEBUG Building Plugin[name=appender-ref, class=org.apache.logging.log4j.core.config.AppenderRef].
2022-03-04 17:14:36,269 Test worker DEBUG createAppenderRef(ref="console", level="null", Filter=null)
2022-03-04 17:14:36,285 Test worker DEBUG Building Plugin[name=logger, class=org.apache.logging.log4j.core.config.LoggerConfig].
2022-03-04 17:14:36,285 Test worker DEBUG createLogger(additivity="false", level="INFO", name="com.zaxxer", includeLocation="null", ={console}, ={}, Configuration(C:\Users\bumre\GitHub\ShoppingMall\shopMarket\build\resources\main\log4j2.xml), Filter=null)
2022-03-04 17:14:36,285 Test worker DEBUG Building Plugin[name=AppenderRef, class=org.apache.logging.log4j.core.config.AppenderRef].
2022-03-04 17:14:36,285 Test worker DEBUG createAppenderRef(ref="console", level="null", Filter=null)
2022-03-04 17:14:36,285 Test worker DEBUG Building Plugin[name=root, class=org.apache.logging.log4j.core.config.LoggerConfig$RootLogger].
2022-03-04 17:14:36,285 Test worker DEBUG createLogger(additivity="false", level="INFO", includeLocation="null", ={console}, ={}, Configuration(C:\Users\bumre\GitHub\ShoppingMall\shopMarket\build\resources\main\log4j2.xml), Filter=null)
2022-03-04 17:14:36,285 Test worker DEBUG Building Plugin[name=loggers, class=org.apache.logging.log4j.core.config.LoggersPlugin].
2022-03-04 17:14:36,285 Test worker DEBUG createLoggers(={jdbc.sqltiming, java.sql.Connection, java.sql.Statement, java.sql.PreparedStatement, java.sql.ResultSet, org.springframework.jdbc, org.springframework.security, com.zaxxer, root})
2022-03-04 17:14:36,285 Test worker DEBUG Configuration XmlConfiguration[location=C:\Users\bumre\GitHub\ShoppingMall\shopMarket\build\resources\main\log4j2.xml] initialized
2022-03-04 17:14:36,285 Test worker DEBUG Starting configuration XmlConfiguration[location=C:\Users\bumre\GitHub\ShoppingMall\shopMarket\build\resources\main\log4j2.xml]
2022-03-04 17:14:36,285 Test worker DEBUG Started configuration XmlConfiguration[location=C:\Users\bumre\GitHub\ShoppingMall\shopMarket\build\resources\main\log4j2.xml] OK.
2022-03-04 17:14:36,285 Test worker DEBUG Shutting down OutputStreamManager SYSTEM_OUT.false.false-1
2022-03-04 17:14:36,285 Test worker DEBUG OutputStream closed
2022-03-04 17:14:36,285 Test worker DEBUG Shut down OutputStreamManager SYSTEM_OUT.false.false-1, all resources released: true
2022-03-04 17:14:36,285 Test worker DEBUG Appender DefaultConsole-1 stopped with status true
2022-03-04 17:14:36,285 Test worker DEBUG Stopped org.apache.logging.log4j.core.config.DefaultConfiguration@4651d8ca OK
2022-03-04 17:14:36,347 Test worker DEBUG Registering MBean org.apache.logging.log4j2:type=69663380
2022-03-04 17:14:36,347 Test worker DEBUG Registering MBean org.apache.logging.log4j2:type=69663380,component=StatusLogger
2022-03-04 17:14:36,347 Test worker DEBUG Registering MBean org.apache.logging.log4j2:type=69663380,component=ContextSelector
2022-03-04 17:14:36,347 Test worker DEBUG Registering MBean org.apache.logging.log4j2:type=69663380,component=Loggers,name=
2022-03-04 17:14:36,347 Test worker DEBUG Registering MBean org.apache.logging.log4j2:type=69663380,component=Loggers,name=com.zaxxer
2022-03-04 17:14:36,347 Test worker DEBUG Registering MBean org.apache.logging.log4j2:type=69663380,component=Loggers,name=java.sql.Connection
2022-03-04 17:14:36,347 Test worker DEBUG Registering MBean org.apache.logging.log4j2:type=69663380,component=Loggers,name=java.sql.ResultSet
2022-03-04 17:14:36,347 Test worker DEBUG Registering MBean org.apache.logging.log4j2:type=69663380,component=Loggers,name=java.sql.Statement
2022-03-04 17:14:36,347 Test worker DEBUG Registering MBean org.apache.logging.log4j2:type=69663380,component=Loggers,name=org.springframework.security
2022-03-04 17:14:36,347 Test worker DEBUG Registering MBean org.apache.logging.log4j2:type=69663380,component=Loggers,name=jdbc.sqltiming
2022-03-04 17:14:36,347 Test worker DEBUG Registering MBean org.apache.logging.log4j2:type=69663380,component=Loggers,name=java.sql.PreparedStatement
2022-03-04 17:14:36,347 Test worker DEBUG Registering MBean org.apache.logging.log4j2:type=69663380,component=Loggers,name=org.springframework.jdbc
2022-03-04 17:14:36,347 Test worker DEBUG Registering MBean org.apache.logging.log4j2:type=69663380,component=Appenders,name=console
2022-03-04 17:14:36,363 Test worker DEBUG org.apache.logging.log4j.core.util.SystemClock supports precise timestamps.
2022-03-04 17:14:36,363 Test worker DEBUG Reconfiguration complete for context[name=69663380] at URI C:\Users\bumre\GitHub\ShoppingMall\shopMarket\build\resources\main\log4j2.xml (org.apache.logging.log4j.core.LoggerContext@3f1e37ae) with optional ClassLoader: null
2022-03-04 17:14:36,363 Test worker DEBUG Shutdown hook enabled. Registering a new one.
2022-03-04 17:14:36,363 Test worker DEBUG LoggerContext[name=69663380, org.apache.logging.log4j.core.LoggerContext@3f1e37ae] started OK.
2022-03-04 05:14:36  INFO [org.springframework.test.context.support.DefaultTestContextBootstrapper] Loaded default TestExecutionListener class names from location [META-INF/spring.factories]: [org.springframework.test.context.web.ServletTestExecutionListener, org.springframework.test.context.support.DirtiesContextBeforeModesTestExecutionListener, org.springframework.test.context.event.ApplicationEventsTestExecutionListener, org.springframework.test.context.support.DependencyInjectionTestExecutionListener, org.springframework.test.context.support.DirtiesContextTestExecutionListener, org.springframework.test.context.transaction.TransactionalTestExecutionListener, org.springframework.test.context.jdbc.SqlScriptsTestExecutionListener, org.springframework.test.context.event.EventPublishingTestExecutionListener]
2022-03-04 17:14:36,441 Test worker DEBUG AsyncLogger.ThreadNameStrategy=UNCACHED (user specified null, default is UNCACHED)
2022-03-04 17:14:36,441 Test worker DEBUG org.apache.logging.log4j.core.util.SystemClock supports precise timestamps.
2022-03-04 05:14:36  INFO [org.springframework.test.context.support.DefaultTestContextBootstrapper] Using TestExecutionListeners: [org.springframework.test.context.web.ServletTestExecutionListener@4e28c83d, org.springframework.test.context.support.DirtiesContextBeforeModesTestExecutionListener@39f3b77e, org.springframework.test.context.event.ApplicationEventsTestExecutionListener@17775afb, org.springframework.test.context.support.DependencyInjectionTestExecutionListener@138c6c57, org.springframework.test.context.support.DirtiesContextTestExecutionListener@1bed273b, org.springframework.test.context.transaction.TransactionalTestExecutionListener@3f812b7f, org.springframework.test.context.jdbc.SqlScriptsTestExecutionListener@128c0ef6, org.springframework.test.context.event.EventPublishingTestExecutionListener@62122624]
2022-03-04 05:14:36  INFO [com.denny.shopmarket.mainPage.config.MainPageRootConfig] MainPageRootConfig.............
2022-03-04 05:14:36  INFO [com.denny.shopmarket.mainPage.config.MainPageRootConfig] MainPageRootConfig.............
2022-03-04 05:14:36  INFO [com.denny.shopmarket.mainPage.config.MainPageRootConfig] MainPageRootConfig.............
2022-03-04 05:14:36  INFO [com.denny.shopmarket.mainPage.config.MainPageRootConfig] MainPageRootConfig.............
2022-03-04 05:14:36  INFO [com.denny.shopmarket.mainPage.config.MainPageRootConfig] MainPageRootConfig.............
2022-03-04 05:14:37 DEBUG [org.springframework.jdbc.datasource.DataSourceUtils] Fetching JDBC Connection from DataSource
2022-03-04 05:14:37  INFO [com.denny.shopmarket.mainPage.mapper.MainPageMapperTest] =========================
2022-03-04 05:14:37  INFO [com.denny.shopmarket.mainPage.mapper.MainPageMapperTest] ItemVo(itemNo=80, sellerId=admin5, itemNm=슈퍼 냉장, itemCateB=가전제품, itemCateS=냉장고, regDate=2022-03-03T15:29:36, modDate=null, itemStatus=Y, imageCnt=5, price=50, attachList=[ItemAttach(uuid=4be5fdc1-f2c6-4942-b5f4-d51dafb46b23, itemNo=80, filename=category-2.jpg, image=true, uploadPath=2022/03/04, imageUsage=itemMain)])
2022-03-04 05:14:37  INFO [com.denny.shopmarket.mainPage.mapper.MainPageMapperTest] =========================
2022-03-04 05:14:37  INFO [com.denny.shopmarket.mainPage.mapper.MainPageMapperTest] ItemVo(itemNo=78, sellerId=admin5, itemNm=자전거그림그려져있는냉장고, itemCateB=가전제품, itemCateS=냉장고, regDate=2022-03-03T15:04:33, modDate=null, itemStatus=Y, imageCnt=4, price=50, attachList=[ItemAttach(uuid=dd0b341f-d06c-41d7-801d-1d34f2d554e9, itemNo=78, filename=product-7.jpg, image=true, uploadPath=2022/03/04, imageUsage=itemMain)])
]]></system-out>
  <system-err><![CDATA[Warning: Nashorn engine is planned to be removed from a future JDK release
[Test worker] INFO com.zaxxer.hikari.HikariDataSource - HikariPool-1 - Starting...
Loading class `com.mysql.jdbc.Driver'. This is deprecated. The new driver class is `com.mysql.cj.jdbc.Driver'. The driver is automatically registered via the SPI and manual loading of the driver class is generally unnecessary.
[Test worker] INFO com.zaxxer.hikari.pool.HikariPool - HikariPool-1 - Added connection com.mysql.cj.jdbc.ConnectionImpl@1d661a6
[Test worker] INFO com.zaxxer.hikari.HikariDataSource - HikariPool-1 - Start completed.
]]></system-err>
</testsuite>
