<?xml version="1.0" encoding="UTF-8"?>
<testsuite name="com.denny.shopmarket.mainPage.mapper.MainPageMapperTest" tests="1" skipped="0" failures="0" errors="0" timestamp="2022-02-03T13:42:07" hostname="LAPTOP-5KUSBT32" time="0.11">
  <properties/>
  <testcase name="selectTest()" classname="com.denny.shopmarket.mainPage.mapper.MainPageMapperTest" time="0.11"/>
  <system-out><![CDATA[2022-02-03 22:42:06,085 Test worker DEBUG Apache Log4j Core 2.17.1 initializing configuration XmlConfiguration[location=C:\Users\bumre\GitHub\ShoppingMall\shopMarket\build\resources\main\log4j2.xml]
2022-02-03 22:42:06,093 Test worker DEBUG Installed 1 script engine
2022-02-03 22:42:06,289 Test worker DEBUG Oracle Nashorn version: 11.0.12, language: ECMAScript, threading: Not Thread Safe, compile: true, names: [nashorn, Nashorn, js, JS, JavaScript, javascript, ECMAScript, ecmascript], factory class: jdk.nashorn.api.scripting.NashornScriptEngineFactory
2022-02-03 22:42:06,289 Test worker DEBUG PluginManager 'Core' found 127 plugins
2022-02-03 22:42:06,289 Test worker DEBUG PluginManager 'Level' found 0 plugins
2022-02-03 22:42:06,293 Test worker DEBUG PluginManager 'Lookup' found 16 plugins
2022-02-03 22:42:06,296 Test worker DEBUG Building Plugin[name=layout, class=org.apache.logging.log4j.core.layout.PatternLayout].
2022-02-03 22:42:06,306 Test worker DEBUG PluginManager 'TypeConverter' found 26 plugins
2022-02-03 22:42:06,316 Test worker DEBUG PatternLayout$Builder(pattern="%d{yyyy-MM-dd hh:mm:ss} %5p [%c] %m%n", PatternSelector=null, Configuration(C:\Users\bumre\GitHub\ShoppingMall\shopMarket\build\resources\main\log4j2.xml), Replace=null, charset="UTF-8", alwaysWriteExceptions="null", disableAnsi="null", noConsoleNoAnsi="null", header="null", footer="null")
2022-02-03 22:42:06,317 Test worker DEBUG PluginManager 'Converter' found 45 plugins
2022-02-03 22:42:06,333 Test worker DEBUG Building Plugin[name=appender, class=org.apache.logging.log4j.core.appender.ConsoleAppender].
2022-02-03 22:42:06,339 Test worker DEBUG ConsoleAppender$Builder(target="SYSTEM_OUT", follow="null", direct="null", bufferedIo="null", bufferSize="null", immediateFlush="null", ignoreExceptions="null", PatternLayout(%d{yyyy-MM-dd hh:mm:ss} %5p [%c] %m%n), name="console", Configuration(C:\Users\bumre\GitHub\ShoppingMall\shopMarket\build\resources\main\log4j2.xml), Filter=null, ={})
2022-02-03 22:42:06,342 Test worker DEBUG Starting OutputStreamManager SYSTEM_OUT.false.false
2022-02-03 22:42:06,342 Test worker DEBUG Building Plugin[name=appenders, class=org.apache.logging.log4j.core.config.AppendersPlugin].
2022-02-03 22:42:06,343 Test worker DEBUG createAppenders(={console})
2022-02-03 22:42:06,343 Test worker DEBUG Building Plugin[name=appender-ref, class=org.apache.logging.log4j.core.config.AppenderRef].
2022-02-03 22:42:06,349 Test worker DEBUG createAppenderRef(ref="console", level="null", Filter=null)
2022-02-03 22:42:06,349 Test worker DEBUG Building Plugin[name=logger, class=org.apache.logging.log4j.core.config.LoggerConfig].
2022-02-03 22:42:06,351 Test worker DEBUG createLogger(additivity="false", level="INFO", name="jdbc.sqltiming", includeLocation="null", ={console}, ={}, Configuration(C:\Users\bumre\GitHub\ShoppingMall\shopMarket\build\resources\main\log4j2.xml), Filter=null)
2022-02-03 22:42:06,354 Test worker DEBUG Building Plugin[name=appender-ref, class=org.apache.logging.log4j.core.config.AppenderRef].
2022-02-03 22:42:06,354 Test worker DEBUG createAppenderRef(ref="console", level="null", Filter=null)
2022-02-03 22:42:06,355 Test worker DEBUG Building Plugin[name=logger, class=org.apache.logging.log4j.core.config.LoggerConfig].
2022-02-03 22:42:06,356 Test worker DEBUG createLogger(additivity="false", level="INFO", name="java.sql.Connection", includeLocation="null", ={console}, ={}, Configuration(C:\Users\bumre\GitHub\ShoppingMall\shopMarket\build\resources\main\log4j2.xml), Filter=null)
2022-02-03 22:42:06,356 Test worker DEBUG Building Plugin[name=appender-ref, class=org.apache.logging.log4j.core.config.AppenderRef].
2022-02-03 22:42:06,357 Test worker DEBUG createAppenderRef(ref="console", level="null", Filter=null)
2022-02-03 22:42:06,357 Test worker DEBUG Building Plugin[name=logger, class=org.apache.logging.log4j.core.config.LoggerConfig].
2022-02-03 22:42:06,359 Test worker DEBUG createLogger(additivity="false", level="INFO", name="java.sql.Statement", includeLocation="null", ={console}, ={}, Configuration(C:\Users\bumre\GitHub\ShoppingMall\shopMarket\build\resources\main\log4j2.xml), Filter=null)
2022-02-03 22:42:06,359 Test worker DEBUG Building Plugin[name=appender-ref, class=org.apache.logging.log4j.core.config.AppenderRef].
2022-02-03 22:42:06,360 Test worker DEBUG createAppenderRef(ref="console", level="null", Filter=null)
2022-02-03 22:42:06,360 Test worker DEBUG Building Plugin[name=logger, class=org.apache.logging.log4j.core.config.LoggerConfig].
2022-02-03 22:42:06,361 Test worker DEBUG createLogger(additivity="false", level="INFO", name="java.sql.PreparedStatement", includeLocation="null", ={console}, ={}, Configuration(C:\Users\bumre\GitHub\ShoppingMall\shopMarket\build\resources\main\log4j2.xml), Filter=null)
2022-02-03 22:42:06,361 Test worker DEBUG Building Plugin[name=appender-ref, class=org.apache.logging.log4j.core.config.AppenderRef].
2022-02-03 22:42:06,362 Test worker DEBUG createAppenderRef(ref="console", level="null", Filter=null)
2022-02-03 22:42:06,362 Test worker DEBUG Building Plugin[name=logger, class=org.apache.logging.log4j.core.config.LoggerConfig].
2022-02-03 22:42:06,364 Test worker DEBUG createLogger(additivity="false", level="INFO", name="java.sql.ResultSet", includeLocation="null", ={console}, ={}, Configuration(C:\Users\bumre\GitHub\ShoppingMall\shopMarket\build\resources\main\log4j2.xml), Filter=null)
2022-02-03 22:42:06,364 Test worker DEBUG Building Plugin[name=appender-ref, class=org.apache.logging.log4j.core.config.AppenderRef].
2022-02-03 22:42:06,365 Test worker DEBUG createAppenderRef(ref="console", level="null", Filter=null)
2022-02-03 22:42:06,366 Test worker DEBUG Building Plugin[name=logger, class=org.apache.logging.log4j.core.config.LoggerConfig].
2022-02-03 22:42:06,367 Test worker DEBUG createLogger(additivity="false", level="DEBUG", name="org.springframework.jdbc", includeLocation="null", ={console}, ={}, Configuration(C:\Users\bumre\GitHub\ShoppingMall\shopMarket\build\resources\main\log4j2.xml), Filter=null)
2022-02-03 22:42:06,367 Test worker DEBUG Building Plugin[name=appender-ref, class=org.apache.logging.log4j.core.config.AppenderRef].
2022-02-03 22:42:06,368 Test worker DEBUG createAppenderRef(ref="console", level="null", Filter=null)
2022-02-03 22:42:06,369 Test worker DEBUG Building Plugin[name=logger, class=org.apache.logging.log4j.core.config.LoggerConfig].
2022-02-03 22:42:06,370 Test worker DEBUG createLogger(additivity="false", level="TRACE", name="org.springframework.security", includeLocation="null", ={console}, ={}, Configuration(C:\Users\bumre\GitHub\ShoppingMall\shopMarket\build\resources\main\log4j2.xml), Filter=null)
2022-02-03 22:42:06,370 Test worker DEBUG Building Plugin[name=appender-ref, class=org.apache.logging.log4j.core.config.AppenderRef].
2022-02-03 22:42:06,371 Test worker DEBUG createAppenderRef(ref="console", level="null", Filter=null)
2022-02-03 22:42:06,372 Test worker DEBUG Building Plugin[name=logger, class=org.apache.logging.log4j.core.config.LoggerConfig].
2022-02-03 22:42:06,373 Test worker DEBUG createLogger(additivity="false", level="INFO", name="com.zaxxer", includeLocation="null", ={console}, ={}, Configuration(C:\Users\bumre\GitHub\ShoppingMall\shopMarket\build\resources\main\log4j2.xml), Filter=null)
2022-02-03 22:42:06,374 Test worker DEBUG Building Plugin[name=AppenderRef, class=org.apache.logging.log4j.core.config.AppenderRef].
2022-02-03 22:42:06,374 Test worker DEBUG createAppenderRef(ref="console", level="null", Filter=null)
2022-02-03 22:42:06,375 Test worker DEBUG Building Plugin[name=root, class=org.apache.logging.log4j.core.config.LoggerConfig$RootLogger].
2022-02-03 22:42:06,376 Test worker DEBUG createLogger(additivity="false", level="INFO", includeLocation="null", ={console}, ={}, Configuration(C:\Users\bumre\GitHub\ShoppingMall\shopMarket\build\resources\main\log4j2.xml), Filter=null)
2022-02-03 22:42:06,377 Test worker DEBUG Building Plugin[name=loggers, class=org.apache.logging.log4j.core.config.LoggersPlugin].
2022-02-03 22:42:06,379 Test worker DEBUG createLoggers(={jdbc.sqltiming, java.sql.Connection, java.sql.Statement, java.sql.PreparedStatement, java.sql.ResultSet, org.springframework.jdbc, org.springframework.security, com.zaxxer, root})
2022-02-03 22:42:06,381 Test worker DEBUG Configuration XmlConfiguration[location=C:\Users\bumre\GitHub\ShoppingMall\shopMarket\build\resources\main\log4j2.xml] initialized
2022-02-03 22:42:06,382 Test worker DEBUG Starting configuration XmlConfiguration[location=C:\Users\bumre\GitHub\ShoppingMall\shopMarket\build\resources\main\log4j2.xml]
2022-02-03 22:42:06,382 Test worker DEBUG Started configuration XmlConfiguration[location=C:\Users\bumre\GitHub\ShoppingMall\shopMarket\build\resources\main\log4j2.xml] OK.
2022-02-03 22:42:06,383 Test worker DEBUG Shutting down OutputStreamManager SYSTEM_OUT.false.false-1
2022-02-03 22:42:06,384 Test worker DEBUG OutputStream closed
2022-02-03 22:42:06,384 Test worker DEBUG Shut down OutputStreamManager SYSTEM_OUT.false.false-1, all resources released: true
2022-02-03 22:42:06,385 Test worker DEBUG Appender DefaultConsole-1 stopped with status true
2022-02-03 22:42:06,386 Test worker DEBUG Stopped org.apache.logging.log4j.core.config.DefaultConfiguration@10841958 OK
2022-02-03 22:42:06,444 Test worker DEBUG Registering MBean org.apache.logging.log4j2:type=69663380
2022-02-03 22:42:06,447 Test worker DEBUG Registering MBean org.apache.logging.log4j2:type=69663380,component=StatusLogger
2022-02-03 22:42:06,449 Test worker DEBUG Registering MBean org.apache.logging.log4j2:type=69663380,component=ContextSelector
2022-02-03 22:42:06,451 Test worker DEBUG Registering MBean org.apache.logging.log4j2:type=69663380,component=Loggers,name=
2022-02-03 22:42:06,451 Test worker DEBUG Registering MBean org.apache.logging.log4j2:type=69663380,component=Loggers,name=com.zaxxer
2022-02-03 22:42:06,452 Test worker DEBUG Registering MBean org.apache.logging.log4j2:type=69663380,component=Loggers,name=java.sql.Connection
2022-02-03 22:42:06,452 Test worker DEBUG Registering MBean org.apache.logging.log4j2:type=69663380,component=Loggers,name=java.sql.ResultSet
2022-02-03 22:42:06,453 Test worker DEBUG Registering MBean org.apache.logging.log4j2:type=69663380,component=Loggers,name=java.sql.Statement
2022-02-03 22:42:06,453 Test worker DEBUG Registering MBean org.apache.logging.log4j2:type=69663380,component=Loggers,name=org.springframework.security
2022-02-03 22:42:06,454 Test worker DEBUG Registering MBean org.apache.logging.log4j2:type=69663380,component=Loggers,name=jdbc.sqltiming
2022-02-03 22:42:06,454 Test worker DEBUG Registering MBean org.apache.logging.log4j2:type=69663380,component=Loggers,name=java.sql.PreparedStatement
2022-02-03 22:42:06,455 Test worker DEBUG Registering MBean org.apache.logging.log4j2:type=69663380,component=Loggers,name=org.springframework.jdbc
2022-02-03 22:42:06,458 Test worker DEBUG Registering MBean org.apache.logging.log4j2:type=69663380,component=Appenders,name=console
2022-02-03 22:42:06,460 Test worker DEBUG org.apache.logging.log4j.core.util.SystemClock supports precise timestamps.
2022-02-03 22:42:06,461 Test worker DEBUG Reconfiguration complete for context[name=69663380] at URI C:\Users\bumre\GitHub\ShoppingMall\shopMarket\build\resources\main\log4j2.xml (org.apache.logging.log4j.core.LoggerContext@b68e18c) with optional ClassLoader: null
2022-02-03 22:42:06,463 Test worker DEBUG Shutdown hook enabled. Registering a new one.
2022-02-03 22:42:06,465 Test worker DEBUG LoggerContext[name=69663380, org.apache.logging.log4j.core.LoggerContext@b68e18c] started OK.
2022-02-03 10:42:06  INFO [org.springframework.test.context.support.DefaultTestContextBootstrapper] Loaded default TestExecutionListener class names from location [META-INF/spring.factories]: [org.springframework.test.context.web.ServletTestExecutionListener, org.springframework.test.context.support.DirtiesContextBeforeModesTestExecutionListener, org.springframework.test.context.event.ApplicationEventsTestExecutionListener, org.springframework.test.context.support.DependencyInjectionTestExecutionListener, org.springframework.test.context.support.DirtiesContextTestExecutionListener, org.springframework.test.context.transaction.TransactionalTestExecutionListener, org.springframework.test.context.jdbc.SqlScriptsTestExecutionListener, org.springframework.test.context.event.EventPublishingTestExecutionListener]
2022-02-03 10:42:06  INFO [org.springframework.test.context.support.DefaultTestContextBootstrapper] Using TestExecutionListeners: [org.springframework.test.context.support.DirtiesContextBeforeModesTestExecutionListener@3b9d14e, org.springframework.test.context.event.ApplicationEventsTestExecutionListener@56a74281, org.springframework.test.context.support.DependencyInjectionTestExecutionListener@13c6ec86, org.springframework.test.context.support.DirtiesContextTestExecutionListener@10b3b8b9, org.springframework.test.context.transaction.TransactionalTestExecutionListener@5dcd3840, org.springframework.test.context.jdbc.SqlScriptsTestExecutionListener@3192da32, org.springframework.test.context.event.EventPublishingTestExecutionListener@1594a25a]
2022-02-03 10:42:07 DEBUG [org.springframework.jdbc.datasource.DataSourceUtils] Fetching JDBC Connection from DataSource
2022-02-03 10:42:07  INFO [com.denny.shopmarket.mainPage.mapper.MainPageMapperTest] ItemVo(itemNo=48, sellerNo=2, itemNm=빨간 티숴츠, itemCateB=B, itemCateS=b, regDate=2022-02-02T19:24:59, modDate=null, itemStatus=Y, imageCnt=5, price=50, attachList=[ItemAttach(uuid=108617c9-1564-456e-b226-06abf9335c6c, itemNo=48, filename=gallery-4.jpg, image=true, uploadPath=2022/02/02, imageUsage=itemMain), ItemAttach(uuid=3f753e82-1459-491d-a515-77720d0f14be, itemNo=48, filename=product-1.jpg, image=true, uploadPath=2022/02/02, imageUsage=explanation), ItemAttach(uuid=4736b349-fc32-4f39-90ad-488c91d87af7, itemNo=48, filename=gallery-3.jpg, image=true, uploadPath=2022/02/02, imageUsage=explanation), ItemAttach(uuid=75cef2af-3443-490e-bffd-a1456768e48c, itemNo=48, filename=buy-1.jpg, image=true, uploadPath=2022/02/02, imageUsage=explanation), ItemAttach(uuid=ff175c27-53e9-437a-bba2-c732063c9e9c, itemNo=48, filename=gallery-2.jpg, image=true, uploadPath=2022/02/02, imageUsage=explanation)])
]]></system-out>
  <system-err><![CDATA[Warning: Nashorn engine is planned to be removed from a future JDK release
[Test worker] INFO com.zaxxer.hikari.HikariDataSource - HikariPool-1 - Starting...
Loading class `com.mysql.jdbc.Driver'. This is deprecated. The new driver class is `com.mysql.cj.jdbc.Driver'. The driver is automatically registered via the SPI and manual loading of the driver class is generally unnecessary.
[Test worker] INFO com.zaxxer.hikari.pool.HikariPool - HikariPool-1 - Added connection com.mysql.cj.jdbc.ConnectionImpl@2f2a241
[Test worker] INFO com.zaxxer.hikari.HikariDataSource - HikariPool-1 - Start completed.
]]></system-err>
</testsuite>
